[18:52:57] [Server thread/INFO]: Starting minecraft server version 1.11.2
[18:52:57] [Server thread/INFO]: Loading properties
[18:52:57] [Server thread/INFO]: Default game type: SURVIVAL
[18:52:57] [Server thread/INFO]: Generating keypair
[18:52:57] [Server thread/INFO]: Starting Minecraft server on *:25565
[18:52:57] [Server thread/INFO]: Using default channel type
[18:52:58] [Server thread/INFO]: Preparing level "world"
[18:52:58] [Server thread/INFO]: Preparing start region for level 0
[18:52:59] [Server thread/INFO]: Preparing spawn area: 16%
[18:53:00] [Server thread/INFO]: Preparing spawn area: 56%
[18:53:01] [Server thread/INFO]: Done (3,150s)! For help, type "help" or "?"
[18:53:09] [User Authenticator #1/INFO]: UUID of player ilYYYa777 is adf37c3f-5141-4839-bc54-17d376422acf
[18:53:09] [Server thread/INFO]: ilYYYa777[/127.0.0.1:54086] logged in with entity id 911 at (-375.40444743161027, 74.0, 190.89046682765206)
[18:53:09] [Server thread/INFO]: ilYYYa777 joined the game
[18:54:15] [Server thread/INFO]: [ilYYYa777: Set own game mode to Creative Mode]
[18:54:25] [Server thread/INFO]: [ilYYYa777: Set own game mode to Survival Mode]
[18:54:33] [Server thread/INFO]: ilYYYa777 lost connection: TextComponent{text='Disconnected', siblings=[], style=Style{hasParent=false, color=null, bold=null, italic=null, underlined=null, obfuscated=null, clickEvent=null, hoverEvent=null, insertion=null}}
[18:54:33] [Server thread/INFO]: ilYYYa777 left the game
[18:54:37] [Server thread/INFO]: Stopping the server
[18:54:37] [Server thread/INFO]: Stopping server
[18:54:37] [Server thread/INFO]: Saving players
[18:54:37] [Server thread/INFO]: Saving worlds
[18:54:37] [Server thread/INFO]: Saving chunks for level 'world'/Overworld
[18:54:37] [Server thread/INFO]: Saving chunks for level 'world'/Nether
[18:54:37] [Server thread/INFO]: Saving chunks for level 'world'/The End
[18:54:37] [Server Shutdown Thread/INFO]: Stopping server
[18:54:37] [Server Shutdown Thread/INFO]: Saving players
[18:54:37] [Server Shutdown Thread/INFO]: Saving worlds
[18:54:37] [Server Shutdown Thread/INFO]: Saving chunks for level 'world'/Overworld
